<?xml version="1.0" encoding="UTF-8"?>
<testsuite xmlns:xsi="http://www.w3.org/2001/XMLSchema-instance" xsi:noNamespaceSchemaLocation="https://maven.apache.org/surefire/maven-surefire-plugin/xsd/surefire-test-report-3.0.xsd" version="3.0" name="xyz.tamutheo.databaseAPI.DatabaseApiApplicationTests" time="7.811" tests="1" errors="0" skipped="0" failures="0">
  <properties>
[...]
</properties>
  <testcase name="contextLoads" classname="xyz.tamutheo.databaseAPI.DatabaseApiApplicationTests" time="1.795">
    <system-out><![CDATA[19:48:28.584 [main] INFO org.springframework.test.context.support.AnnotationConfigContextLoaderUtils -- Could not detect default configuration classes for test class [xyz.tamutheo.databaseAPI.DatabaseApiApplicationTests]: DatabaseApiApplicationTests does not declare any static, non-private, non-final, nested classes annotated with @Configuration.
19:48:28.836 [main] INFO org.springframework.boot.test.context.SpringBootTestContextBootstrapper -- Found @SpringBootConfiguration xyz.tamutheo.databaseAPI.DatabaseApiApplication for test class xyz.tamutheo.databaseAPI.DatabaseApiApplicationTests
19:48:29.266 [main] INFO org.springframework.boot.devtools.restart.RestartApplicationListener -- Restart disabled due to context in which it is running

  .   ____          _            __ _ _
 /\\ / ___'_ __ _ _(_)_ __  __ _ \ \ \ \
( ( )\___ | '_ | '_| | '_ \/ _` | \ \ \ \
 \\/  ___)| |_)| | | | | || (_| |  ) ) ) )
  '  |____| .__|_| |_|_| |_\__, | / / / /
 =========|_|==============|___/=/_/_/_/
 :: Spring Boot ::                (v3.2.3)

2024-03-02T19:48:29.965-06:00  INFO 19148 --- [           main] x.t.d.DatabaseApiApplicationTests        : Starting DatabaseApiApplicationTests using Java 17.0.2 with PID 19148 (started by Brandon in C:\Users\Brandon\Documents\College\13 - Senior+ Spring Semester\CSCE 482 - Capstone\06 - Code\backend\databaseAPI\databaseAPI\databaseAPI)
2024-03-02T19:48:29.967-06:00  INFO 19148 --- [           main] x.t.d.DatabaseApiApplicationTests        : No active profile set, falling back to 1 default profile: "default"
2024-03-02T19:48:34.236-06:00  INFO 19148 --- [           main] x.t.d.DatabaseApiApplicationTests        : Started DatabaseApiApplicationTests in 4.996 seconds (process running for 7.07)
]]></system-out>
    <system-err><![CDATA[Loading class `com.mysql.jdbc.Driver'. This is deprecated. The new driver class is `com.mysql.cj.jdbc.Driver'. The driver is automatically registered via the SPI and manual loading of the driver class is generally unnecessary.
]]></system-err>
  </testcase>
</testsuite>